Arguments: 
  /Users/alexcid/.nvm/versions/node/v16.14.2/bin/node /Users/alexcid/.nvm/versions/node/v16.14.2/bin/yarn add @esbuild

PATH: 
  /Users/alexcid/.nvm/versions/node/v16.14.2/bin:/Users/alexcid/.rbenv/shims:/Users/alexcid/.rbenv/shims:/usr/local/bin:/opt/local/bin:/opt/local/sbin:/usr/local/bin:/usr/bin:/bin:/usr/sbin:/sbin:/opt/X11/bin:/Users/alexcid/.rvm/bin:/Users/alexcid/.android-sdk-macosx/platform-tools/:/Users/alexcid/.rvm/bin:/Users/alexcid/.rvm/bin

Yarn version: 
  1.22.18

Node version: 
  16.14.2

Platform: 
  darwin x64

Trace: 
  Error: https://registry.yarnpkg.com/@esbuild: Request "https://registry.yarnpkg.com/@esbuild" returned a 405
      at Request.params.callback [as _callback] (/Users/alexcid/.nvm/versions/node/v16.14.2/lib/node_modules/yarn/lib/cli.js:66147:18)
      at Request.self.callback (/Users/alexcid/.nvm/versions/node/v16.14.2/lib/node_modules/yarn/lib/cli.js:140883:22)
      at Request.emit (node:events:526:28)
      at Request.<anonymous> (/Users/alexcid/.nvm/versions/node/v16.14.2/lib/node_modules/yarn/lib/cli.js:141855:10)
      at Request.emit (node:events:526:28)
      at IncomingMessage.<anonymous> (/Users/alexcid/.nvm/versions/node/v16.14.2/lib/node_modules/yarn/lib/cli.js:141777:12)
      at Object.onceWrapper (node:events:645:28)
      at IncomingMessage.emit (node:events:538:35)
      at endReadableNT (node:internal/streams/readable:1345:12)
      at processTicksAndRejections (node:internal/process/task_queues:83:21)

npm manifest: 
  {
    "name": "app",
    "private": "true",
    "scripts": {
      "build:css": "sass ./app/assets/stylesheets/application.bootstrap.scss ./app/assets/builds/application.css --no-source-map --load-path=node_modules",
      "build": "esbuild app/javascript/*.* --bundle --sourcemap --outdir=app/assets/builds"
    },
    "dependencies": {
      "@hotwired/stimulus": "^3.0.1",
      "@hotwired/turbo-rails": "^7.1.1",
      "@popperjs/core": "^2.11.4",
      "bootstrap": "^5.1.3",
      "bootstrap-icons": "^1.8.1",
      "stimulus": "^3.0.1",
      "turbo": "^1.1.10"
    }
  }

yarn manifest: 
  No manifest

Lockfile: 
  # THIS IS AN AUTOGENERATED FILE. DO NOT EDIT THIS FILE DIRECTLY.
  # yarn lockfile v1
  
  
  "@hotwired/stimulus-webpack-helpers@^1.0.0":
    version "1.0.1"
    resolved "https://registry.yarnpkg.com/@hotwired/stimulus-webpack-helpers/-/stimulus-webpack-helpers-1.0.1.tgz#4cd74487adeca576c9865ac2b9fe5cb20cef16dd"
    integrity sha512-wa/zupVG0eWxRYJjC1IiPBdt3Lruv0RqGN+/DTMmUWUyMAEB27KXmVY6a8YpUVTM7QwVuaLNGW4EqDgrS2upXQ==
  
  "@hotwired/stimulus@^3.0.1":
    version "3.0.1"
    resolved "https://registry.yarnpkg.com/@hotwired/stimulus/-/stimulus-3.0.1.tgz#141f15645acaa3b133b7c247cad58ae252ffae85"
    integrity sha512-oHsJhgY2cip+K2ED7vKUNd2P+BEswVhrCYcJ802DSsblJFv7mPFVk3cQKvm2vHgHeDVdnj7oOKrBbzp1u8D+KA==
  
  "@hotwired/turbo-rails@^7.1.1":
    version "7.1.1"
    resolved "https://registry.yarnpkg.com/@hotwired/turbo-rails/-/turbo-rails-7.1.1.tgz#35c03b92b5c86f0137ed08bef843d955ec9bbe83"
    integrity sha512-ZXpxUjCfkdbuXfoGrsFK80qsVzACs8xCfie9rt2jMTSN6o1olXVA0Nrk8u02yNEwSiVJm/4QSOa8cUcMj6VQjg==
    dependencies:
      "@hotwired/turbo" "^7.1.0"
      "@rails/actioncable" "^7.0"
  
  "@hotwired/turbo@^7.1.0":
    version "7.1.0"
    resolved "https://registry.yarnpkg.com/@hotwired/turbo/-/turbo-7.1.0.tgz#27e44e0e3dc5bd1d4bda0766d579cf5a14091cd7"
    integrity sha512-Q8kGjqwPqER+CtpQudbH+3Zgs2X4zb6pBAlr6NsKTXadg45pAOvxI9i4QpuHbwSzR2+x87HUm+rot9F/Pe8rxA==
  
  "@popperjs/core@^2.11.4":
    version "2.11.4"
    resolved "https://registry.yarnpkg.com/@popperjs/core/-/core-2.11.4.tgz#d8c7b8db9226d2d7664553a0741ad7d0397ee503"
    integrity sha512-q/ytXxO5NKvyT37pmisQAItCFqA7FD/vNb8dgaJy3/630Fsc+Mz9/9f2SziBoIZ30TJooXyTwZmhi1zjXmObYg==
  
  "@rails/actioncable@^7.0":
    version "7.0.2"
    resolved "https://registry.yarnpkg.com/@rails/actioncable/-/actioncable-7.0.2.tgz#69a6d999f4087e0537dd38fe0963db1f4305d650"
    integrity sha512-G26maXW1Kx0LxQdmNNuNjQlRO/QlXNr3QfuwKiOKb5FZQGYe2OwtHTGXBAjSoiu4dW36XYMT/+L1Wo1Yov4ZXA==
  
  bootstrap-icons@^1.8.1:
    version "1.8.1"
    resolved "https://registry.yarnpkg.com/bootstrap-icons/-/bootstrap-icons-1.8.1.tgz#773c1625bcbf3e86090ea9da4386c2c6459c5582"
    integrity sha512-IXUqislddPJfwq6H+2nTkHyr9epO9h6u1AG0OZCx616w+TgzeoCjfmI3qJMQqt1J586gN2IxzB4M99Ip4sTZ1w==
  
  bootstrap@^5.1.3:
    version "5.1.3"
    resolved "https://registry.yarnpkg.com/bootstrap/-/bootstrap-5.1.3.tgz#ba081b0c130f810fa70900acbc1c6d3c28fa8f34"
    integrity sha512-fcQztozJ8jToQWXxVuEyXWW+dSo8AiXWKwiSSrKWsRB/Qt+Ewwza+JWoLKiTuQLaEPhdNAJ7+Dosc9DOIqNy7Q==
  
  stimulus@^3.0.1:
    version "3.0.1"
    resolved "https://registry.yarnpkg.com/stimulus/-/stimulus-3.0.1.tgz#370e3054eb3b8068904af1888949821255d375d3"
    integrity sha512-73uZG5E5bwH7W2BldieTXg4yJuEmOfIHgtO/aqwU0JkWNjwY75ZaoOAD2EEPvi5AK43N9adEeOQOmlgWf59HOg==
    dependencies:
      "@hotwired/stimulus" "^3.0.1"
      "@hotwired/stimulus-webpack-helpers" "^1.0.0"
  
  turbo-darwin-64@1.1.10:
    version "1.1.10"
    resolved "https://registry.yarnpkg.com/turbo-darwin-64/-/turbo-darwin-64-1.1.10.tgz#926bb5ddbd6be8c400f4a183b5a9b33ccba37d12"
    integrity sha512-MY/1mHg+tS/GaZKG805e5JSGNS8A4j/M2GzLwCbNL+lwGMfneNASri1vAd80ss3T2MgMsfsFMVyIQJljqpDBvA==
  
  turbo-darwin-arm64@1.1.10:
    version "1.1.10"
    resolved "https://registry.yarnpkg.com/turbo-darwin-arm64/-/turbo-darwin-arm64-1.1.10.tgz#f4c0a9dd9a2108ce5c6d04d6fea8260902a758da"
    integrity sha512-gMPLseYqGKwdy6UHVWKMLA433ZTfQRV5FlYz5n4XVtx30cF6ajOqq12ykeCUUX/lZkH4Uq5zT0tNEYpUhUw7mA==
  
  turbo-freebsd-64@1.1.10:
    version "1.1.10"
    resolved "https://registry.yarnpkg.com/turbo-freebsd-64/-/turbo-freebsd-64-1.1.10.tgz#3e460c3a58b61b1f7e15acc219764a07cc54e439"
    integrity sha512-wra27mvakr5ZFceQnCCSR8gHQtKV8Q0EhtzO/wEdyhEssw0wVaNtMHUOOdvFN0HLmjQmmLZgmfZbURc83UDuZQ==
  
  turbo-freebsd-arm64@1.1.10:
    version "1.1.10"
    resolved "https://registry.yarnpkg.com/turbo-freebsd-arm64/-/turbo-freebsd-arm64-1.1.10.tgz#b96fd519cbd09a721936ead72ab9ec591f6488dc"
    integrity sha512-J2I76pTwtrEVjHt1+zWY/s/Y0YIGdWHBIWOjhCXi1E8dav98oGw+WUaiFwzAkcksAblOhNpDL3qhnrnm7kHqrg==
  
  turbo-linux-32@1.1.10:
    version "1.1.10"
    resolved "https://registry.yarnpkg.com/turbo-linux-32/-/turbo-linux-32-1.1.10.tgz#f69dfcd972b5879832c4f4b9b151d3497d0f6115"
    integrity sha512-d1ILhEv2B/lOtpH4niFUKGb8YMU6G7gNCQCY6wG+SXARWJtDti+KiNWESechD5DycCIMgtE40XNy/c1US+LI5g==
  
  turbo-linux-64@1.1.10:
    version "1.1.10"
    resolved "https://registry.yarnpkg.com/turbo-linux-64/-/turbo-linux-64-1.1.10.tgz#cf1e1ff4a52f9ceaf49393e83c1e8927bc5d991d"
    integrity sha512-8VEOiNJFNfUMZOyrN32wOcdT1Ik1nlIuTwkO4UeonAJhuWjTvdDLPCQkz0SECTu60q90l6nXCnNYtoZA6LrZzA==
  
  turbo-linux-arm64@1.1.10:
    version "1.1.10"
    resolved "https://registry.yarnpkg.com/turbo-linux-arm64/-/turbo-linux-arm64-1.1.10.tgz#2d1e927655536fb220bb09bacb9b61135c399b57"
    integrity sha512-ng3dEEL4SbBudF/UZzsOrfyJh8DLtTHawTepeS30FdtvYuVBXdCPc5BAhbawGoau/2AV4vrN3qzh9e3LCqD6Qg==
  
  turbo-linux-arm@1.1.10:
    version "1.1.10"
    resolved "https://registry.yarnpkg.com/turbo-linux-arm/-/turbo-linux-arm-1.1.10.tgz#04d4c80b2b17b612481166eb33db56123e9882d8"
    integrity sha512-qJ50K/s5MjpHjam+UdnK3GniEIv5XOBCZOGslgMMyz8V/q43vhB9BU9HQODclM89uQgsKxhs8Fue6ytOY4vIpg==
  
  turbo-linux-mips64le@1.1.10:
    version "1.1.10"
    resolved "https://registry.yarnpkg.com/turbo-linux-mips64le/-/turbo-linux-mips64le-1.1.10.tgz#60b832615e980fd4d215e39adf33818dd25c8021"
    integrity sha512-Jd4yH7ZEXCo0xmdJWZ6YsyqcNLyL5vRU3j5ZT+1W97YJCT+g+1on3/nd3rBVPzVz52lb8JIqgGtrBrnOO0AWJg==
  
  turbo-linux-ppc64le@1.1.10:
    version "1.1.10"
    resolved "https://registry.yarnpkg.com/turbo-linux-ppc64le/-/turbo-linux-ppc64le-1.1.10.tgz#9b7bbe1ccd7fdc655f5c5bbea79f6762b35723e5"
    integrity sha512-YF8+Oi53glqY29O1A7KJsHZxBzeVBobYFnPEXMt8vm+ouuo8kkbxXxShOP4h+33YGEkesTw/CTXtfDC1Xj1hDw==
  
  turbo-windows-32@1.1.10:
    version "1.1.10"
    resolved "https://registry.yarnpkg.com/turbo-windows-32/-/turbo-windows-32-1.1.10.tgz#769ea82701f8c50d2f104c97cf49dbae1b531c6a"
    integrity sha512-IO92tVTCtWVPPgcCjf8J7AmBEcwnjv1zPq7t9GFdqZ/6QA06atgPJNzQ/QvyzbzJgUsJUN2ByzwT04o4QUbrBQ==
  
  turbo-windows-64@1.1.10:
    version "1.1.10"
    resolved "https://registry.yarnpkg.com/turbo-windows-64/-/turbo-windows-64-1.1.10.tgz#f30fb122a0241a328e1f935e2f581816896230b9"
    integrity sha512-g/RIXaVDaOgliHEJuOsuB6Tefwue9fXBH1/iIH9dmT3Z7lL0banGh+C10RW6Jd6PBPMoPBWir9PLYuzxoPcCNQ==
  
  turbo@^1.1.10:
    version "1.1.10"
    resolved "https://registry.yarnpkg.com/turbo/-/turbo-1.1.10.tgz#caf01501cf4e8dabd0c1b40c6569b83935cee945"
    integrity sha512-y8vx8uIyBRFI3aFjZ3PeGaOvYtNk6t7xNLzRsPY+xtnknTeqdBad56ElS8z+j0RyVwKCvI+wgvTHGkEle4VnJA==
    optionalDependencies:
      turbo-darwin-64 "1.1.10"
      turbo-darwin-arm64 "1.1.10"
      turbo-freebsd-64 "1.1.10"
      turbo-freebsd-arm64 "1.1.10"
      turbo-linux-32 "1.1.10"
      turbo-linux-64 "1.1.10"
      turbo-linux-arm "1.1.10"
      turbo-linux-arm64 "1.1.10"
      turbo-linux-mips64le "1.1.10"
      turbo-linux-ppc64le "1.1.10"
      turbo-windows-32 "1.1.10"
      turbo-windows-64 "1.1.10"
